<?xml version="1.0" encoding="UTF-8"?>
<testsuite xmlns:xsi="http://www.w3.org/2001/XMLSchema-instance" xsi:noNamespaceSchemaLocation="https://maven.apache.org/surefire/maven-surefire-plugin/xsd/surefire-test-report-3.0.xsd" version="3.0" name="TestSuite" time="14.622" tests="3" errors="0" skipped="0" failures="1">
  <properties>
[...]
</properties>
  <testcase name="testKeyword" classname="mavenTest.JobServe" time="7.07">
    <system-out><![CDATA[Test 1 Passed
]]></system-out>
    <system-err><![CDATA[1597581859193	mozrunner::runner	INFO	Running command: "C:\\Program Files\\Mozilla Firefox\\firefox.exe" "-marionette" "-foreground" "-no-remote" "-profile" "C:\\Users\\proph\\AppData\\Local\\Temp\\rust_mozprofile.9GEIubQ1h4h4"
JavaScript error: resource://gre/modules/XULStore.jsm, line 66: Error: Can't find profile directory.
1597581862457	Marionette	INFO	Listening on port 54433
1597581862877	Marionette	WARN	TLS certificate errors will be ignored for this session
Aug 16, 2020 1:44:22 PM org.openqa.selenium.remote.ProtocolHandshake createSession
INFO: Detected dialect: W3C
]]></system-err>
  </testcase>
  <testcase name="testLocation" classname="mavenTest.JobServe" time="0.077">
    <system-out><![CDATA[Test 2 Passed
]]></system-out>
  </testcase>
  <testcase name="testJobTitle" classname="mavenTest.JobServe" time="0.301">
    <failure type="java.lang.AssertionError"><![CDATA[java.lang.AssertionError
	at mavenTest.JobServe.testJobTitle(JobServe.java:107)
]]></failure>
    <system-out><![CDATA[false
Test 3 Failed
]]></system-out>
  </testcase>
</testsuite>