-------------------------------------------------------------------------------
Test set: TestSuite
-------------------------------------------------------------------------------
Tests run: 3, Failures: 1, Errors: 0, Skipped: 0, Time elapsed: 14.622 s <<< FAILURE! - in TestSuite
mavenTest.JobServe.testJobTitle  Time elapsed: 0.301 s  <<< FAILURE!
java.lang.AssertionError
	at mavenTest.JobServe.testJobTitle(JobServe.java:107)

